<?xml version="1.0" encoding="UTF-8"?>
<!-- Generated by org.testng.reporters.JUnitReportReporter -->
<testsuite hostname="INF-LPT0349" name="testNGscript.TestCases" tests="2" failures="0" timestamp="21 Mar 2017 17:06:17 GMT" time="0.358" errors="0">
  <testcase name="click" time="0.287" classname="testNGscript.TestCases"/>
  <testcase name="verifyDriverOnHomePage" time="0.071" classname="testNGscript.TestCases"/>
</testsuite> <!-- testNGscript.TestCases -->
